<?xml version="1.0" encoding="UTF-8"?>
<!-- Generated by org.testng.reporters.JUnitXMLReporter -->
<testsuite hostname="Benny-computer" ignored="0" name="HappyFlowFirefoxTest" tests="2" failures="2" timestamp="25 Nov 2018 10:53:23 GMT" time="34.769" errors="0">
  <testcase name="completeFlowTest" time="23.226" classname="testcases.HappyFlowTest">
    <failure type="java.lang.AssertionError" message="null">
      <![CDATA[java.lang.AssertionError: null
at utilities.WebDriverWrapper.getElementByType(WebDriverWrapper.java:95)
at utilities.WebDriverWrapper.getVisibleElementById(WebDriverWrapper.java:135)
at pageobject.PageObjects$StellarApplication.enterFirstName(PageObjects.java:72)
at pageobject.PageObjects$StellarApplication.personalInformationStep(PageObjects.java:27)
at testcases.HappyFlowTest.completeFlowTest(HappyFlowTest.java:21)
... Removed 27 stack frames]]>
    </failure>
  </testcase> <!-- completeFlowTest -->
  <testcase name="missingInfoTest" time="3.102" classname="testcases.HappyFlowTest">
    <failure type="java.lang.AssertionError" message="expected [personal-info] but found [career]">
      <![CDATA[java.lang.AssertionError: expected [personal-info] but found [career]
at testcases.HappyFlowTest.missingInfoTest(HappyFlowTest.java:53)
... Removed 31 stack frames]]>
    </failure>
  </testcase> <!-- missingInfoTest -->
</testsuite> <!-- HappyFlowFirefoxTest -->
